<?xml version="1.0" encoding="UTF-8"?>
<!-- Generated by org.testng.reporters.JUnitReportReporter -->
<testsuite hostname="sridhar" failures="0" tests="10" name="Pages.logintourbanladder" time="62.637" errors="0" timestamp="2022-05-20T18:26:08 IST" skipped="0">
  <testcase classname="Pages.logintourbanladder" name="loginApp" time="5.370"/>
  <system-out/>
  <testcase classname="Pages.logintourbanladder" name="signupapp" time="11.565"/>
  <system-out/>
  <testcase classname="Pages.logintourbanladder" name="searchupapp" time="9.760"/>
  <system-out>
    <![CDATA[Bedsheet Done]]>
  </system-out>
  <testcase classname="Pages.logintourbanladder" name="Bedapp" time="15.303"/>
  <system-out>
    <![CDATA[searching Done]]>
  </system-out>
  <testcase classname="Pages.logintourbanladder" name="Bedappcart" time="6.490"/>
  <system-out>
    <![CDATA[bedappdone Done]]>
  </system-out>
  <testcase classname="Pages.logintourbanladder" name="assertionaa" time="3.977"/>
  <system-out>
    <![CDATA[assertions Done]]>
  </system-out>
  <testcase classname="Pages.logintourbanladder" name="tvappcart" time="4.060"/>
  <system-out/>
  <testcase classname="Pages.logintourbanladder" name="studyapp" time="3.830"/>
  <system-out/>
  <testcase classname="Pages.logintourbanladder" name="aboutapp" time="1.348"/>
  <system-out/>
  <testcase classname="Pages.logintourbanladder" name="infoapp" time="0.934"/>
  <system-out/>
</testsuite> <!-- Pages.logintourbanladder -->
