<?xml version="1.0" encoding="UTF-8"?>
<!-- Generated by org.testng.reporters.JUnitReportReporter -->
<testsuite hostname="sridhar" failures="0" tests="10" name="Pages.logincrm" time="42.260" errors="0" timestamp="2022-05-19T12:22:47 IST" skipped="0">
  <testcase classname="Pages.logincrm" name="loginApp" time="5.096"/>
  <system-out/>
  <testcase classname="Pages.logincrm" name="signupapp" time="8.854"/>
  <system-out/>
  <testcase classname="Pages.logincrm" name="searchupapp" time="5.603"/>
  <system-out>
    <![CDATA[Bedsheet Done]]>
  </system-out>
  <testcase classname="Pages.logincrm" name="Bedapp" time="8.168"/>
  <system-out>
    <![CDATA[searching Done]]>
  </system-out>
  <testcase classname="Pages.logincrm" name="Bedappcart" time="4.226"/>
  <system-out>
    <![CDATA[bedappdone Done]]>
  </system-out>
  <testcase classname="Pages.logincrm" name="assertionaa" time="2.564"/>
  <system-out>
    <![CDATA[assertions Done]]>
  </system-out>
  <testcase classname="Pages.logincrm" name="tvappcart" time="2.654"/>
  <system-out/>
  <testcase classname="Pages.logincrm" name="studyapp" time="2.825"/>
  <system-out/>
  <testcase classname="Pages.logincrm" name="aboutapp" time="0.980"/>
  <system-out/>
  <testcase classname="Pages.logincrm" name="infoapp" time="1.290"/>
  <system-out/>
</testsuite> <!-- Pages.logincrm -->
