<?xml version="1.0" encoding="UTF-8"?>
<!-- Generated by org.testng.reporters.JUnitReportReporter -->
<testsuite hostname="sridhar" failures="0" tests="2" name="hybdidwork.logincrm" time="18.286" errors="0" timestamp="2022-05-16T10:14:20 IST" skipped="0">
  <testcase classname="hybdidwork.logincrm" name="loginApp" time="4.203"/>
  <system-out/>
  <testcase classname="hybdidwork.logincrm" name="signupapp" time="14.083"/>
  <system-out/>
</testsuite> <!-- hybdidwork.logincrm -->
